0 info it worked if it ends with ok
1 verbose cli [ 'C:\\Program Files\\nodejs\\\\node.exe',
1 verbose cli   'C:\\Program Files\\nodejs\\node_modules\\npm\\bin\\npm-cli.js',
1 verbose cli   'init' ]
2 info using npm@1.3.21
3 info using node@v0.10.24
4 verbose node symlink C:\Program Files\nodejs\\node.exe
5 silly package data undefined
6 info init written successfully
7 error Error: Invalid name: "survey - basic2"
7 error     at ensureValidName (C:\Program Files\nodejs\node_modules\npm\node_modules\read-package-json\node_modules\normalize-package-data\lib\fixer.js:297:15)
7 error     at Object.module.exports.fixNameField (C:\Program Files\nodejs\node_modules\npm\node_modules\read-package-json\node_modules\normalize-package-data\lib\fixer.js:201:5)
7 error     at C:\Program Files\nodejs\node_modules\npm\node_modules\read-package-json\node_modules\normalize-package-data\lib\normalize.js:29:38
7 error     at Array.forEach (native)
7 error     at normalize (C:\Program Files\nodejs\node_modules\npm\node_modules\read-package-json\node_modules\normalize-package-data\lib\normalize.js:28:15)
7 error     at final (C:\Program Files\nodejs\node_modules\npm\node_modules\read-package-json\read-json.js:310:33)
7 error     at then (C:\Program Files\nodejs\node_modules\npm\node_modules\read-package-json\read-json.js:124:33)
7 error     at C:\Program Files\nodejs\node_modules\npm\node_modules\read-package-json\read-json.js:284:48
7 error     at fs.js:207:20
7 error     at OpenReq.Req.done (C:\Program Files\nodejs\node_modules\npm\node_modules\graceful-fs\graceful-fs.js:142:5)
8 error If you need help, you may report this *entire* log,
8 error including the npm and node versions, at:
8 error     <http://github.com/isaacs/npm/issues>
9 error System Windows_NT 6.1.7600
10 error command "C:\\Program Files\\nodejs\\\\node.exe" "C:\\Program Files\\nodejs\\node_modules\\npm\\bin\\npm-cli.js" "init"
11 error cwd D:\projects\nodes\Express_IO\survey - basic2
12 error node -v v0.10.24
13 error npm -v 1.3.21
14 verbose exit [ 1, true ]
